<?xml version="1.0" encoding="UTF-8"?>
<!-- Generated by org.testng.reporters.JUnitReportReporter -->
<testsuite hostname="DESKTOP-VCG2A86" failures="0" tests="3" name="script.TestCase" time="12.278" errors="0" timestamp="2021-10-23T13:41:37 IST" skipped="2">
  <testcase classname="script.TestCase" name="Test_Login" time="12.278"/>
  <system-out/>
  <testcase classname="script.TestCase" name="Test_CreateFolder">
    <skipped/>
  </testcase> <!-- Test_CreateFolder -->
  <system-out/>
  <testcase classname="script.TestCase" name="Test_FileUpload">
    <skipped/>
  </testcase> <!-- Test_FileUpload -->
  <system-out/>
</testsuite> <!-- script.TestCase -->
