<?xml version="1.0" encoding="UTF-8"?>
<!-- Generated by org.testng.reporters.JUnitReportReporter -->
<testsuite skipped="2" hostname="DESKTOP-VCG2A86" name="script.TestCase" tests="3" failures="0" timestamp="2021-10-23T13:59:11 IST" time="14.703" errors="0">
  <testcase name="Test_Login" time="14.703" classname="script.TestCase"/>
  <system-out/>
  <testcase name="Test_CreateFolder" classname="script.TestCase">
    <skipped/>
  </testcase> <!-- Test_CreateFolder -->
  <system-out/>
  <testcase name="Test_FileUpload" classname="script.TestCase">
    <skipped/>
  </testcase> <!-- Test_FileUpload -->
  <system-out/>
</testsuite> <!-- script.TestCase -->
